21.04.2024 14:34:02.996 [main] WARN  c.u.w.s.AbstractArrayStorage - Resume with uuid8 not found in storage
21.04.2024 14:34:03.009 [main] WARN  c.u.w.s.AbstractArrayStorage - Resume with uuid2 not found in storage
21.04.2024 14:34:03.018 [main] WARN  c.u.w.s.AbstractArrayStorage - Resume with uuid2 is exist in storage
21.04.2024 14:34:03.063 [main] WARN  c.u.w.s.AbstractArrayStorage - Resume with a7cc7a46-656d-440c-a22c-f2fd48f5e419 not found in storage
21.04.2024 14:34:03.064 [main] WARN  c.u.w.s.AbstractArrayStorage - Resume with uuid8 not found in storage
21.04.2024 14:34:03.067 [main] WARN  c.u.w.s.AbstractArrayStorage - Resume with uuid8 not found in storage
21.04.2024 14:34:03.069 [main] WARN  c.u.w.s.AbstractArrayStorage - Resume with uuid2 not found in storage
21.04.2024 14:34:03.075 [main] WARN  c.u.w.s.AbstractArrayStorage - Resume with uuid2 is exist in storage
21.04.2024 14:34:03.077 [main] WARN  c.u.w.s.AbstractArrayStorage - Resume with 5a187b41-60d0-40c1-8947-ab0a007b3bdc not found in storage
21.04.2024 14:34:03.078 [main] WARN  c.u.w.s.AbstractArrayStorage - Resume with uuid8 not found in storage
21.04.2024 14:34:03.081 [main] WARN  c.u.w.s.AbstractArrayStorage - Resume with uuid8 not found in storage
21.04.2024 14:34:03.082 [main] WARN  c.u.w.s.AbstractArrayStorage - Resume with uuid2 not found in storage
21.04.2024 14:34:03.086 [main] WARN  c.u.w.s.AbstractArrayStorage - Resume with uuid2 is exist in storage
21.04.2024 14:34:03.087 [main] WARN  c.u.w.s.AbstractArrayStorage - Resume with 450be33f-0724-4ef9-911e-2f8f9341e1ae not found in storage
21.04.2024 14:34:03.088 [main] WARN  c.u.w.s.AbstractArrayStorage - Resume with uuid8 not found in storage
21.04.2024 14:34:03.374 [main] INFO  c.u.w.s.AbstractArrayStorage - Storage is full
21.04.2024 14:34:03.378 [main] WARN  c.u.w.s.AbstractArrayStorage - Resume with uuid8 not found in storage
21.04.2024 14:34:03.380 [main] WARN  c.u.w.s.AbstractArrayStorage - Resume with uuid2 not found in storage
21.04.2024 14:34:03.388 [main] WARN  c.u.w.s.AbstractArrayStorage - Resume with uuid2 is exist in storage
21.04.2024 14:34:03.392 [main] WARN  c.u.w.s.AbstractArrayStorage - Resume with e2680784-0c69-4b4b-b03f-55b44486a833 not found in storage
21.04.2024 14:34:03.394 [main] WARN  c.u.w.s.AbstractArrayStorage - Resume with uuid8 not found in storage
21.04.2024 14:34:03.415 [main] INFO  c.u.w.s.AbstractArrayStorage - Storage is full
21.04.2024 14:34:03.418 [main] INFO  c.u.w.s.ListStorage - Resume with null searchKey add in List Storage
21.04.2024 14:34:03.419 [main] INFO  c.u.w.s.ListStorage - Resume with null searchKey add in List Storage
21.04.2024 14:34:03.419 [main] INFO  c.u.w.s.ListStorage - Resume with null searchKey add in List Storage
21.04.2024 14:34:03.419 [main] WARN  c.u.w.s.AbstractArrayStorage - Resume with uuid8 not found in storage
21.04.2024 14:34:03.421 [main] INFO  c.u.w.s.ListStorage - Resume with null searchKey add in List Storage
21.04.2024 14:34:03.421 [main] INFO  c.u.w.s.ListStorage - Resume with null searchKey add in List Storage
21.04.2024 14:34:03.421 [main] INFO  c.u.w.s.ListStorage - Resume with null searchKey add in List Storage
21.04.2024 14:34:03.421 [main] INFO  c.u.w.s.ListStorage - Resume with Resume{uuid='uuid2', fullName='Tom', contacts=null, sections=null} searchKey do delete
21.04.2024 14:34:03.426 [main] WARN  c.u.w.s.AbstractArrayStorage - Resume with uuid2 not found in storage
21.04.2024 14:34:03.427 [main] INFO  c.u.w.s.ListStorage - Resume with null searchKey add in List Storage
21.04.2024 14:34:03.427 [main] INFO  c.u.w.s.ListStorage - Resume with null searchKey add in List Storage
21.04.2024 14:34:03.427 [main] INFO  c.u.w.s.ListStorage - Resume with null searchKey add in List Storage
21.04.2024 14:34:03.428 [main] INFO  c.u.w.s.ListStorage - Resume with null searchKey add in List Storage
21.04.2024 14:34:03.429 [main] INFO  c.u.w.s.ListStorage - Resume with null searchKey add in List Storage
21.04.2024 14:34:03.429 [main] INFO  c.u.w.s.ListStorage - Resume with null searchKey add in List Storage
21.04.2024 14:34:03.430 [main] INFO  c.u.w.s.ListStorage - Resume with null searchKey add in List Storage
21.04.2024 14:34:03.431 [main] INFO  c.u.w.s.ListStorage - Resume with null searchKey add in List Storage
21.04.2024 14:34:03.431 [main] INFO  c.u.w.s.ListStorage - Resume with null searchKey add in List Storage
21.04.2024 14:34:03.433 [main] INFO  c.u.w.s.ListStorage - Resume with null searchKey add in List Storage
21.04.2024 14:34:03.433 [main] INFO  c.u.w.s.ListStorage - Resume with null searchKey add in List Storage
21.04.2024 14:34:03.434 [main] INFO  c.u.w.s.ListStorage - Resume with null searchKey add in List Storage
21.04.2024 14:34:03.434 [main] INFO  c.u.w.s.ListStorage - Resume with null searchKey add in List Storage
21.04.2024 14:34:03.435 [main] INFO  c.u.w.s.ListStorage - Resume with null searchKey add in List Storage
21.04.2024 14:34:03.435 [main] INFO  c.u.w.s.ListStorage - Resume with null searchKey add in List Storage
21.04.2024 14:34:03.435 [main] INFO  c.u.w.s.ListStorage - Resume with null searchKey add in List Storage
21.04.2024 14:34:03.436 [main] INFO  c.u.w.s.ListStorage - Resume with null searchKey add in List Storage
21.04.2024 14:34:03.438 [main] INFO  c.u.w.s.ListStorage - Resume with null searchKey add in List Storage
21.04.2024 14:34:03.439 [main] INFO  c.u.w.s.ListStorage - Resume with null searchKey add in List Storage
21.04.2024 14:34:03.440 [main] WARN  c.u.w.s.AbstractArrayStorage - Resume with uuid2 is exist in storage
21.04.2024 14:34:03.441 [main] INFO  c.u.w.s.ListStorage - Resume with null searchKey add in List Storage
21.04.2024 14:34:03.442 [main] INFO  c.u.w.s.ListStorage - Resume with null searchKey add in List Storage
21.04.2024 14:34:03.442 [main] INFO  c.u.w.s.ListStorage - Resume with null searchKey add in List Storage
21.04.2024 14:34:03.443 [main] INFO  c.u.w.s.ListStorage - Resume with null searchKey add in List Storage
21.04.2024 14:34:03.444 [main] INFO  c.u.w.s.ListStorage - Resume with null searchKey add in List Storage
21.04.2024 14:34:03.444 [main] INFO  c.u.w.s.ListStorage - Resume with null searchKey add in List Storage
21.04.2024 14:34:03.444 [main] WARN  c.u.w.s.AbstractArrayStorage - Resume with a3dd9c39-0c1d-4fce-ab62-07e71158d8d6 not found in storage
21.04.2024 14:34:03.446 [main] INFO  c.u.w.s.ListStorage - Resume with null searchKey add in List Storage
21.04.2024 14:34:03.447 [main] INFO  c.u.w.s.ListStorage - Resume with null searchKey add in List Storage
21.04.2024 14:34:03.447 [main] INFO  c.u.w.s.ListStorage - Resume with null searchKey add in List Storage
21.04.2024 14:34:03.447 [main] WARN  c.u.w.s.AbstractArrayStorage - Resume with uuid8 not found in storage
21.04.2024 14:34:03.459 [main] WARN  c.u.w.s.AbstractArrayStorage - Resume with uuid8 not found in storage
21.04.2024 14:34:03.461 [main] WARN  c.u.w.s.AbstractArrayStorage - Resume with uuid2 not found in storage
21.04.2024 14:34:03.470 [main] WARN  c.u.w.s.AbstractArrayStorage - Resume with uuid2 is exist in storage
21.04.2024 14:34:03.473 [main] WARN  c.u.w.s.AbstractArrayStorage - Resume with 707d6fbc-c426-4b40-87a0-87054d9a695c not found in storage
21.04.2024 14:34:03.475 [main] WARN  c.u.w.s.AbstractArrayStorage - Resume with uuid8 not found in storage
21.04.2024 14:34:03.695 [main] INFO  c.u.w.s.AbstractArrayStorage - Storage is full
21.04.2024 14:34:03.697 [main] INFO  c.u.w.s.ListStorage - Resume with null searchKey add in List Storage
21.04.2024 14:34:03.697 [main] INFO  c.u.w.s.ListStorage - Resume with null searchKey add in List Storage
21.04.2024 14:34:03.697 [main] INFO  c.u.w.s.ListStorage - Resume with null searchKey add in List Storage
21.04.2024 14:34:03.697 [main] WARN  c.u.w.s.AbstractArrayStorage - Resume with uuid8 not found in storage
21.04.2024 14:34:03.698 [main] INFO  c.u.w.s.ListStorage - Resume with null searchKey add in List Storage
21.04.2024 14:34:03.698 [main] INFO  c.u.w.s.ListStorage - Resume with null searchKey add in List Storage
21.04.2024 14:34:03.698 [main] INFO  c.u.w.s.ListStorage - Resume with null searchKey add in List Storage
21.04.2024 14:34:03.698 [main] INFO  c.u.w.s.ListStorage - Resume with Resume{uuid='uuid2', fullName='Tom', contacts=null, sections=null} searchKey do delete
21.04.2024 14:34:03.698 [main] WARN  c.u.w.s.AbstractArrayStorage - Resume with uuid2 not found in storage
21.04.2024 14:34:03.699 [main] INFO  c.u.w.s.ListStorage - Resume with null searchKey add in List Storage
21.04.2024 14:34:03.699 [main] INFO  c.u.w.s.ListStorage - Resume with null searchKey add in List Storage
21.04.2024 14:34:03.699 [main] INFO  c.u.w.s.ListStorage - Resume with null searchKey add in List Storage
21.04.2024 14:34:03.699 [main] INFO  c.u.w.s.ListStorage - Resume with null searchKey add in List Storage
21.04.2024 14:34:03.700 [main] INFO  c.u.w.s.ListStorage - Resume with null searchKey add in List Storage
21.04.2024 14:34:03.700 [main] INFO  c.u.w.s.ListStorage - Resume with null searchKey add in List Storage
21.04.2024 14:34:03.700 [main] INFO  c.u.w.s.ListStorage - Resume with null searchKey add in List Storage
21.04.2024 14:34:03.701 [main] INFO  c.u.w.s.ListStorage - Resume with null searchKey add in List Storage
21.04.2024 14:34:03.701 [main] INFO  c.u.w.s.ListStorage - Resume with null searchKey add in List Storage
21.04.2024 14:34:03.701 [main] INFO  c.u.w.s.ListStorage - Resume with null searchKey add in List Storage
21.04.2024 14:34:03.701 [main] INFO  c.u.w.s.ListStorage - Resume with null searchKey add in List Storage
21.04.2024 14:34:03.701 [main] INFO  c.u.w.s.ListStorage - Resume with null searchKey add in List Storage
21.04.2024 14:34:03.702 [main] INFO  c.u.w.s.ListStorage - Resume with null searchKey add in List Storage
21.04.2024 14:34:03.702 [main] INFO  c.u.w.s.ListStorage - Resume with null searchKey add in List Storage
21.04.2024 14:34:03.702 [main] INFO  c.u.w.s.ListStorage - Resume with null searchKey add in List Storage
21.04.2024 14:34:03.702 [main] INFO  c.u.w.s.ListStorage - Resume with null searchKey add in List Storage
21.04.2024 14:34:03.703 [main] INFO  c.u.w.s.ListStorage - Resume with null searchKey add in List Storage
21.04.2024 14:34:03.703 [main] INFO  c.u.w.s.ListStorage - Resume with null searchKey add in List Storage
21.04.2024 14:34:03.703 [main] INFO  c.u.w.s.ListStorage - Resume with null searchKey add in List Storage
21.04.2024 14:34:03.703 [main] WARN  c.u.w.s.AbstractArrayStorage - Resume with uuid2 is exist in storage
21.04.2024 14:34:03.704 [main] INFO  c.u.w.s.ListStorage - Resume with null searchKey add in List Storage
21.04.2024 14:34:03.704 [main] INFO  c.u.w.s.ListStorage - Resume with null searchKey add in List Storage
21.04.2024 14:34:03.704 [main] INFO  c.u.w.s.ListStorage - Resume with null searchKey add in List Storage
21.04.2024 14:34:03.705 [main] INFO  c.u.w.s.ListStorage - Resume with null searchKey add in List Storage
21.04.2024 14:34:03.705 [main] INFO  c.u.w.s.ListStorage - Resume with null searchKey add in List Storage
21.04.2024 14:34:03.705 [main] INFO  c.u.w.s.ListStorage - Resume with null searchKey add in List Storage
21.04.2024 14:34:03.705 [main] WARN  c.u.w.s.AbstractArrayStorage - Resume with decb8443-0849-47bb-8150-a0fdc5bfca2f not found in storage
21.04.2024 14:34:03.705 [main] INFO  c.u.w.s.ListStorage - Resume with null searchKey add in List Storage
21.04.2024 14:34:03.705 [main] INFO  c.u.w.s.ListStorage - Resume with null searchKey add in List Storage
21.04.2024 14:34:03.705 [main] INFO  c.u.w.s.ListStorage - Resume with null searchKey add in List Storage
21.04.2024 14:34:03.706 [main] WARN  c.u.w.s.AbstractArrayStorage - Resume with uuid8 not found in storage
21.04.2024 14:34:03.707 [main] WARN  c.u.w.s.AbstractArrayStorage - Resume with uuid8 not found in storage
21.04.2024 14:34:03.708 [main] WARN  c.u.w.s.AbstractArrayStorage - Resume with uuid2 not found in storage
21.04.2024 14:34:03.712 [main] WARN  c.u.w.s.AbstractArrayStorage - Resume with uuid2 is exist in storage
21.04.2024 14:34:03.713 [main] WARN  c.u.w.s.AbstractArrayStorage - Resume with beca1f63-1e1f-4d36-af27-0ca8e410f349 not found in storage
21.04.2024 14:34:03.715 [main] WARN  c.u.w.s.AbstractArrayStorage - Resume with uuid8 not found in storage
21.04.2024 14:34:52.558 [main] WARN  c.u.w.s.AbstractArrayStorage - Resume with uuid8 not found in storage
21.04.2024 14:34:52.566 [main] WARN  c.u.w.s.AbstractArrayStorage - Resume with uuid2 not found in storage
21.04.2024 14:34:52.576 [main] WARN  c.u.w.s.AbstractArrayStorage - Resume with uuid2 is exist in storage
21.04.2024 14:34:52.620 [main] WARN  c.u.w.s.AbstractArrayStorage - Resume with b410f48c-026a-438a-87b2-84f32a32729b not found in storage
21.04.2024 14:34:52.621 [main] WARN  c.u.w.s.AbstractArrayStorage - Resume with uuid8 not found in storage
21.04.2024 14:34:52.625 [main] WARN  c.u.w.s.AbstractArrayStorage - Resume with uuid8 not found in storage
21.04.2024 14:34:52.626 [main] WARN  c.u.w.s.AbstractArrayStorage - Resume with uuid2 not found in storage
21.04.2024 14:34:52.633 [main] WARN  c.u.w.s.AbstractArrayStorage - Resume with uuid2 is exist in storage
21.04.2024 14:34:52.635 [main] WARN  c.u.w.s.AbstractArrayStorage - Resume with c26821dc-c7f4-4274-ae9d-7f14733abaec not found in storage
21.04.2024 14:34:52.636 [main] WARN  c.u.w.s.AbstractArrayStorage - Resume with uuid8 not found in storage
21.04.2024 14:34:52.639 [main] WARN  c.u.w.s.AbstractArrayStorage - Resume with uuid8 not found in storage
21.04.2024 14:34:52.641 [main] WARN  c.u.w.s.AbstractArrayStorage - Resume with uuid2 not found in storage
21.04.2024 14:34:52.648 [main] WARN  c.u.w.s.AbstractArrayStorage - Resume with uuid2 is exist in storage
21.04.2024 14:34:52.651 [main] WARN  c.u.w.s.AbstractArrayStorage - Resume with 88dcaccd-bdfa-434b-a6ce-6398bd0edb4a not found in storage
21.04.2024 14:34:52.652 [main] WARN  c.u.w.s.AbstractArrayStorage - Resume with uuid8 not found in storage
21.04.2024 14:34:52.923 [main] INFO  c.u.w.s.AbstractArrayStorage - Storage is full
21.04.2024 14:34:52.926 [main] WARN  c.u.w.s.AbstractArrayStorage - Resume with uuid8 not found in storage
21.04.2024 14:34:52.927 [main] WARN  c.u.w.s.AbstractArrayStorage - Resume with uuid2 not found in storage
21.04.2024 14:34:52.932 [main] WARN  c.u.w.s.AbstractArrayStorage - Resume with uuid2 is exist in storage
21.04.2024 14:34:52.934 [main] WARN  c.u.w.s.AbstractArrayStorage - Resume with 36762c2a-4f0f-40c9-a86d-698f1d548256 not found in storage
21.04.2024 14:34:52.934 [main] WARN  c.u.w.s.AbstractArrayStorage - Resume with uuid8 not found in storage
21.04.2024 14:34:52.948 [main] INFO  c.u.w.s.AbstractArrayStorage - Storage is full
21.04.2024 14:34:52.950 [main] INFO  c.u.w.s.ListStorage - Resume with null searchKey add in List Storage
21.04.2024 14:34:52.952 [main] INFO  c.u.w.s.ListStorage - Resume with null searchKey add in List Storage
21.04.2024 14:34:52.952 [main] INFO  c.u.w.s.ListStorage - Resume with null searchKey add in List Storage
21.04.2024 14:34:52.952 [main] WARN  c.u.w.s.AbstractArrayStorage - Resume with uuid8 not found in storage
21.04.2024 14:34:52.953 [main] INFO  c.u.w.s.ListStorage - Resume with null searchKey add in List Storage
21.04.2024 14:34:52.953 [main] INFO  c.u.w.s.ListStorage - Resume with null searchKey add in List Storage
21.04.2024 14:34:52.953 [main] INFO  c.u.w.s.ListStorage - Resume with null searchKey add in List Storage
21.04.2024 14:34:52.953 [main] INFO  c.u.w.s.ListStorage - Resume with Resume{uuid='uuid2', fullName='Tom', contacts=null, sections=null} searchKey do delete
21.04.2024 14:34:52.956 [main] WARN  c.u.w.s.AbstractArrayStorage - Resume with uuid2 not found in storage
21.04.2024 14:34:52.958 [main] INFO  c.u.w.s.ListStorage - Resume with null searchKey add in List Storage
21.04.2024 14:34:52.958 [main] INFO  c.u.w.s.ListStorage - Resume with null searchKey add in List Storage
21.04.2024 14:34:52.958 [main] INFO  c.u.w.s.ListStorage - Resume with null searchKey add in List Storage
21.04.2024 14:34:52.958 [main] INFO  c.u.w.s.ListStorage - Resume with null searchKey add in List Storage
21.04.2024 14:34:52.959 [main] INFO  c.u.w.s.ListStorage - Resume with null searchKey add in List Storage
21.04.2024 14:34:52.959 [main] INFO  c.u.w.s.ListStorage - Resume with null searchKey add in List Storage
21.04.2024 14:34:52.960 [main] INFO  c.u.w.s.ListStorage - Resume with null searchKey add in List Storage
21.04.2024 14:34:52.960 [main] INFO  c.u.w.s.ListStorage - Resume with null searchKey add in List Storage
21.04.2024 14:34:52.960 [main] INFO  c.u.w.s.ListStorage - Resume with null searchKey add in List Storage
21.04.2024 14:34:52.961 [main] INFO  c.u.w.s.ListStorage - Resume with null searchKey add in List Storage
21.04.2024 14:34:52.961 [main] INFO  c.u.w.s.ListStorage - Resume with null searchKey add in List Storage
21.04.2024 14:34:52.961 [main] INFO  c.u.w.s.ListStorage - Resume with null searchKey add in List Storage
21.04.2024 14:34:52.961 [main] INFO  c.u.w.s.ListStorage - Resume with null searchKey add in List Storage
21.04.2024 14:34:52.961 [main] INFO  c.u.w.s.ListStorage - Resume with null searchKey add in List Storage
21.04.2024 14:34:52.961 [main] INFO  c.u.w.s.ListStorage - Resume with null searchKey add in List Storage
21.04.2024 14:34:52.962 [main] INFO  c.u.w.s.ListStorage - Resume with null searchKey add in List Storage
21.04.2024 14:34:52.962 [main] INFO  c.u.w.s.ListStorage - Resume with null searchKey add in List Storage
21.04.2024 14:34:52.963 [main] INFO  c.u.w.s.ListStorage - Resume with null searchKey add in List Storage
21.04.2024 14:34:52.963 [main] INFO  c.u.w.s.ListStorage - Resume with null searchKey add in List Storage
21.04.2024 14:34:52.963 [main] WARN  c.u.w.s.AbstractArrayStorage - Resume with uuid2 is exist in storage
21.04.2024 14:34:52.964 [main] INFO  c.u.w.s.ListStorage - Resume with null searchKey add in List Storage
21.04.2024 14:34:52.964 [main] INFO  c.u.w.s.ListStorage - Resume with null searchKey add in List Storage
21.04.2024 14:34:52.964 [main] INFO  c.u.w.s.ListStorage - Resume with null searchKey add in List Storage
21.04.2024 14:34:52.965 [main] INFO  c.u.w.s.ListStorage - Resume with null searchKey add in List Storage
21.04.2024 14:34:52.965 [main] INFO  c.u.w.s.ListStorage - Resume with null searchKey add in List Storage
21.04.2024 14:34:52.965 [main] INFO  c.u.w.s.ListStorage - Resume with null searchKey add in List Storage
21.04.2024 14:34:52.965 [main] WARN  c.u.w.s.AbstractArrayStorage - Resume with 10404d5d-ace6-466d-9953-145951c2a59f not found in storage
21.04.2024 14:34:52.966 [main] INFO  c.u.w.s.ListStorage - Resume with null searchKey add in List Storage
21.04.2024 14:34:52.966 [main] INFO  c.u.w.s.ListStorage - Resume with null searchKey add in List Storage
21.04.2024 14:34:52.966 [main] INFO  c.u.w.s.ListStorage - Resume with null searchKey add in List Storage
21.04.2024 14:34:52.966 [main] WARN  c.u.w.s.AbstractArrayStorage - Resume with uuid8 not found in storage
21.04.2024 14:34:52.975 [main] WARN  c.u.w.s.AbstractArrayStorage - Resume with uuid8 not found in storage
21.04.2024 14:34:52.977 [main] WARN  c.u.w.s.AbstractArrayStorage - Resume with uuid2 not found in storage
21.04.2024 14:34:52.984 [main] WARN  c.u.w.s.AbstractArrayStorage - Resume with uuid2 is exist in storage
21.04.2024 14:34:52.986 [main] WARN  c.u.w.s.AbstractArrayStorage - Resume with 83dbba65-bbe5-4fed-a1c2-65f135e6dc33 not found in storage
21.04.2024 14:34:52.987 [main] WARN  c.u.w.s.AbstractArrayStorage - Resume with uuid8 not found in storage
21.04.2024 14:34:53.159 [main] INFO  c.u.w.s.AbstractArrayStorage - Storage is full
21.04.2024 14:34:53.161 [main] INFO  c.u.w.s.ListStorage - Resume with null searchKey add in List Storage
21.04.2024 14:34:53.161 [main] INFO  c.u.w.s.ListStorage - Resume with null searchKey add in List Storage
21.04.2024 14:34:53.161 [main] INFO  c.u.w.s.ListStorage - Resume with null searchKey add in List Storage
21.04.2024 14:34:53.161 [main] WARN  c.u.w.s.AbstractArrayStorage - Resume with uuid8 not found in storage
21.04.2024 14:34:53.162 [main] INFO  c.u.w.s.ListStorage - Resume with null searchKey add in List Storage
21.04.2024 14:34:53.162 [main] INFO  c.u.w.s.ListStorage - Resume with null searchKey add in List Storage
21.04.2024 14:34:53.162 [main] INFO  c.u.w.s.ListStorage - Resume with null searchKey add in List Storage
21.04.2024 14:34:53.162 [main] INFO  c.u.w.s.ListStorage - Resume with Resume{uuid='uuid2', fullName='Tom', contacts=null, sections=null} searchKey do delete
21.04.2024 14:34:53.162 [main] WARN  c.u.w.s.AbstractArrayStorage - Resume with uuid2 not found in storage
21.04.2024 14:34:53.163 [main] INFO  c.u.w.s.ListStorage - Resume with null searchKey add in List Storage
21.04.2024 14:34:53.163 [main] INFO  c.u.w.s.ListStorage - Resume with null searchKey add in List Storage
21.04.2024 14:34:53.163 [main] INFO  c.u.w.s.ListStorage - Resume with null searchKey add in List Storage
21.04.2024 14:34:53.164 [main] INFO  c.u.w.s.ListStorage - Resume with null searchKey add in List Storage
21.04.2024 14:34:53.164 [main] INFO  c.u.w.s.ListStorage - Resume with null searchKey add in List Storage
21.04.2024 14:34:53.164 [main] INFO  c.u.w.s.ListStorage - Resume with null searchKey add in List Storage
21.04.2024 14:34:53.165 [main] INFO  c.u.w.s.ListStorage - Resume with null searchKey add in List Storage
21.04.2024 14:34:53.166 [main] INFO  c.u.w.s.ListStorage - Resume with null searchKey add in List Storage
21.04.2024 14:34:53.166 [main] INFO  c.u.w.s.ListStorage - Resume with null searchKey add in List Storage
21.04.2024 14:34:53.166 [main] INFO  c.u.w.s.ListStorage - Resume with null searchKey add in List Storage
21.04.2024 14:34:53.167 [main] INFO  c.u.w.s.ListStorage - Resume with null searchKey add in List Storage
21.04.2024 14:34:53.167 [main] INFO  c.u.w.s.ListStorage - Resume with null searchKey add in List Storage
21.04.2024 14:34:53.167 [main] INFO  c.u.w.s.ListStorage - Resume with null searchKey add in List Storage
21.04.2024 14:34:53.167 [main] INFO  c.u.w.s.ListStorage - Resume with null searchKey add in List Storage
21.04.2024 14:34:53.167 [main] INFO  c.u.w.s.ListStorage - Resume with null searchKey add in List Storage
21.04.2024 14:34:53.167 [main] INFO  c.u.w.s.ListStorage - Resume with null searchKey add in List Storage
21.04.2024 14:34:53.168 [main] INFO  c.u.w.s.ListStorage - Resume with null searchKey add in List Storage
21.04.2024 14:34:53.168 [main] INFO  c.u.w.s.ListStorage - Resume with null searchKey add in List Storage
21.04.2024 14:34:53.168 [main] INFO  c.u.w.s.ListStorage - Resume with null searchKey add in List Storage
21.04.2024 14:34:53.168 [main] WARN  c.u.w.s.AbstractArrayStorage - Resume with uuid2 is exist in storage
21.04.2024 14:34:53.169 [main] INFO  c.u.w.s.ListStorage - Resume with null searchKey add in List Storage
21.04.2024 14:34:53.169 [main] INFO  c.u.w.s.ListStorage - Resume with null searchKey add in List Storage
21.04.2024 14:34:53.169 [main] INFO  c.u.w.s.ListStorage - Resume with null searchKey add in List Storage
21.04.2024 14:34:53.169 [main] INFO  c.u.w.s.ListStorage - Resume with null searchKey add in List Storage
21.04.2024 14:34:53.169 [main] INFO  c.u.w.s.ListStorage - Resume with null searchKey add in List Storage
21.04.2024 14:34:53.169 [main] INFO  c.u.w.s.ListStorage - Resume with null searchKey add in List Storage
21.04.2024 14:34:53.170 [main] WARN  c.u.w.s.AbstractArrayStorage - Resume with 39639167-d014-4ad7-83dd-6148734f4212 not found in storage
21.04.2024 14:34:53.170 [main] INFO  c.u.w.s.ListStorage - Resume with null searchKey add in List Storage
21.04.2024 14:34:53.170 [main] INFO  c.u.w.s.ListStorage - Resume with null searchKey add in List Storage
21.04.2024 14:34:53.170 [main] INFO  c.u.w.s.ListStorage - Resume with null searchKey add in List Storage
21.04.2024 14:34:53.171 [main] WARN  c.u.w.s.AbstractArrayStorage - Resume with uuid8 not found in storage
21.04.2024 14:34:53.172 [main] WARN  c.u.w.s.AbstractArrayStorage - Resume with uuid8 not found in storage
21.04.2024 14:34:53.173 [main] WARN  c.u.w.s.AbstractArrayStorage - Resume with uuid2 not found in storage
21.04.2024 14:34:53.177 [main] WARN  c.u.w.s.AbstractArrayStorage - Resume with uuid2 is exist in storage
21.04.2024 14:34:53.179 [main] WARN  c.u.w.s.AbstractArrayStorage - Resume with 4de5b05d-4100-4113-8cbb-036ca7689a6a not found in storage
21.04.2024 14:34:53.180 [main] WARN  c.u.w.s.AbstractArrayStorage - Resume with uuid8 not found in storage
